Using pre-set license
Built from '2020.3/staging' branch; Version is '2020.3.9f1 (108be757e447) revision 1084391'; Using compiler version '192528614'; Build Type 'Release'
OS: 'Windows 10 Enterprise; OS build 19042.1288; Version 2009; 64bit' Language: 'en' Physical Memory: 32596 MB
BatchMode: 1, IsHumanControllingUs: 0, StartBugReporterOnCrash: 0, Is64bit: 1, IsPro: 0

 COMMAND LINE ARGUMENTS:
C:\Program Files\Unity\Hub\Editor\2020.3.9f1\Editor\Unity.exe
-adb2
-batchMode
-noUpm
-name
AssetImportWorker0
-projectPath
D:/Audio Coding/Audio Coding
-logFile
Logs/AssetImportWorker0.log
-srvPort
56351
Successfully changed project path to: D:/Audio Coding/Audio Coding
D:/Audio Coding/Audio Coding
Using Asset Import Pipeline V2.
Refreshing native plugins compatible for Editor in 33.01 ms, found 0 plugins.
Preloading 0 native plugins for Editor in 0.00 ms.
Initialize engine version: 2020.3.9f1 (108be757e447)
[Subsystems] Discovering subsystems at path C:/Program Files/Unity/Hub/Editor/2020.3.9f1/Editor/Data/Resources/UnitySubsystems
[Subsystems] Discovering subsystems at path D:/Audio Coding/Audio Coding/Assets
GfxDevice: creating device client; threaded=0
Direct3D:
    Version:  Direct3D 11.0 [level 11.1]
    Renderer: NVIDIA GeForce RTX 2080 SUPER (ID=0x1e81)
    Vendor:   
    VRAM:     8010 MB
    Driver:   27.21.14.6137
Initialize mono
Mono path[0] = 'C:/Program Files/Unity/Hub/Editor/2020.3.9f1/Editor/Data/Managed'
Mono path[1] = 'C:/Program Files/Unity/Hub/Editor/2020.3.9f1/Editor/Data/MonoBleedingEdge/lib/mono/unityjit'
Mono config path = 'C:/Program Files/Unity/Hub/Editor/2020.3.9f1/Editor/Data/MonoBleedingEdge/etc'
Using monoOptions --debugger-agent=transport=dt_socket,embedding=1,server=y,suspend=n,address=127.0.0.1:56312
Begin MonoManager ReloadAssembly
Registering precompiled unity dll's ...
Register platform support module: C:/Program Files/Unity/Hub/Editor/2020.3.9f1/Editor/Data/PlaybackEngines/WindowsStandaloneSupport/UnityEditor.WindowsStandalone.Extensions.dll
Registered in 0.002498 seconds.
Native extension for WindowsStandalone target not found
Refreshing native plugins compatible for Editor in 33.82 ms, found 0 plugins.
Preloading 0 native plugins for Editor in 0.00 ms.
Mono: successfully reloaded assembly
- Completed reload, in  1.548 seconds
Platform modules already initialized, skipping
Registering precompiled user dll's ...
Registered in 0.001169 seconds.
Begin MonoManager ReloadAssembly
Native extension for WindowsStandalone target not found
Refreshing native plugins compatible for Editor in 38.67 ms, found 0 plugins.
Preloading 0 native plugins for Editor in 0.00 ms.
Mono: successfully reloaded assembly
- Completed reload, in  0.906 seconds
Platform modules already initialized, skipping
========================================================================
Worker process is ready to serve import requests
Shader 'Universal Render Pipeline/Particles/Lit': fallback shader 'Universal Render Pipeline/Particles/SimpleLit' not found
Shader 'Universal Render Pipeline/Particles/Lit': fallback shader 'Universal Render Pipeline/Particles/SimpleLit' not found
Launched and connected shader compiler UnityShaderCompiler.exe after 0.08 seconds
Refreshing native plugins compatible for Editor in 0.44 ms, found 0 plugins.
Preloading 0 native plugins for Editor in 0.00 ms.
Unloading 2421 Unused Serialized files (Serialized files now loaded: 0)
System memory in use before: 113.2 MB.
System memory in use after: 110.5 MB.

Unloading 45 unused Assets to reduce memory usage. Loaded Objects now: 2827.
Total: 2.687400 ms (FindLiveObjects: 0.197500 ms CreateObjectMapping: 0.094900 ms MarkObjects: 1.327500 ms  DeleteObjects: 1.066000 ms)

========================================================================
Received Import Request.
  path: Assets/Readme.asset
  artifactKey: Guid(83c2ed844a8c74b779a4c823d16594b1) Importer(815301076,1909f56bfc062723c751e8b465ee728b)
Start importing Assets/Readme.asset using Guid(83c2ed844a8c74b779a4c823d16594b1) Importer(815301076,1909f56bfc062723c751e8b465ee728b)  -> (artifact id: '8ffd2c44ffeb50c574abb5d0c4453328') in 0.041562 seconds
  Import took 0.045709 seconds .

========================================================================
Received Import Request.
  Time since last request: 24.532160 seconds.
  path: Assets/Scenes
  artifactKey: Guid(09005c2fd9a0d894f8badfdc346d36fe) Importer(815301076,1909f56bfc062723c751e8b465ee728b)
Start importing Assets/Scenes using Guid(09005c2fd9a0d894f8badfdc346d36fe) Importer(815301076,1909f56bfc062723c751e8b465ee728b)  -> (artifact id: '5d7a0a49879f23054df097bfbe57597a') in 0.009952 seconds
  Import took 0.013564 seconds .

========================================================================
Received Import Request.
  Time since last request: 8.738495 seconds.
  path: Assets/Scenes/AudioCoding.unity
  artifactKey: Guid(f3f5464dfb513db4c9b33fadb690253d) Importer(815301076,1909f56bfc062723c751e8b465ee728b)
Start importing Assets/Scenes/AudioCoding.unity using Guid(f3f5464dfb513db4c9b33fadb690253d) Importer(815301076,1909f56bfc062723c751e8b465ee728b)  -> (artifact id: '9f5415e0f1359ca67b7af2c29fea0703') in 0.009626 seconds
  Import took 0.036898 seconds .

========================================================================
Received Import Request.
  Time since last request: 9.769281 seconds.
  path: Assets/ExampleAssets
  artifactKey: Guid(990f5c2df70993f4987a388ca178996a) Importer(815301076,1909f56bfc062723c751e8b465ee728b)
Start importing Assets/ExampleAssets using Guid(990f5c2df70993f4987a388ca178996a) Importer(815301076,1909f56bfc062723c751e8b465ee728b)  -> (artifact id: 'd5ac45704b3e904ca5b19a6457cc79ac') in 0.010359 seconds
  Import took 0.013600 seconds .

========================================================================
Received Import Request.
  Time since last request: 25.601795 seconds.
  path: Assets/Settings
  artifactKey: Guid(0735c275001a2c84dafdb30deced5d8d) Importer(815301076,1909f56bfc062723c751e8b465ee728b)
Start importing Assets/Settings using Guid(0735c275001a2c84dafdb30deced5d8d) Importer(815301076,1909f56bfc062723c751e8b465ee728b)  -> (artifact id: 'cadd7ca10b5bf32e886eec457cf073a7') in 0.105189 seconds
  Import took 0.117421 seconds .

========================================================================
Received Import Request.
  Time since last request: 0.529086 seconds.
  path: Assets/TutorialInfo
  artifactKey: Guid(49110bb8dcada46328ad741970bce702) Importer(815301076,1909f56bfc062723c751e8b465ee728b)
Start importing Assets/TutorialInfo using Guid(49110bb8dcada46328ad741970bce702) Importer(815301076,1909f56bfc062723c751e8b465ee728b)  -> (artifact id: 'de5a30219286eb2a872f2f84d66d9616') in 0.011049 seconds
  Import took 0.015086 seconds .

========================================================================
Received Prepare
Registering precompiled user dll's ...
Registered in 0.001131 seconds.
Begin MonoManager ReloadAssembly
Native extension for WindowsStandalone target not found
Refreshing native plugins compatible for Editor in 0.34 ms, found 0 plugins.
Preloading 0 native plugins for Editor in 0.00 ms.
Mono: successfully reloaded assembly
- Completed reload, in  0.663 seconds
Platform modules already initialized, skipping
Shader 'Universal Render Pipeline/Particles/Lit': fallback shader 'Universal Render Pipeline/Particles/SimpleLit' not found
Shader 'Universal Render Pipeline/Particles/Lit': fallback shader 'Universal Render Pipeline/Particles/SimpleLit' not found
Refreshing native plugins compatible for Editor in 0.39 ms, found 0 plugins.
Preloading 0 native plugins for Editor in 0.00 ms.
Unloading 2344 Unused Serialized files (Serialized files now loaded: 0)
System memory in use before: 109.6 MB.
System memory in use after: 106.8 MB.

Unloading 41 unused Assets to reduce memory usage. Loaded Objects now: 2829.
Total: 2.724000 ms (FindLiveObjects: 0.181200 ms CreateObjectMapping: 0.083800 ms MarkObjects: 1.391100 ms  DeleteObjects: 1.067400 ms)

========================================================================
Received Import Request.
  Time since last request: 54.443676 seconds.
  path: Assets/Audio
  artifactKey: Guid(f61b97224618f174f8bbf3484ab39be8) Importer(815301076,1909f56bfc062723c751e8b465ee728b)
Start importing Assets/Audio using Guid(f61b97224618f174f8bbf3484ab39be8) Importer(815301076,1909f56bfc062723c751e8b465ee728b)  -> (artifact id: '193dfba420e24a68d363cd4cbc2db730') in 0.011938 seconds
  Import took 0.015315 seconds .

========================================================================
Received Import Request.
  Time since last request: 152.864463 seconds.
  path: Assets/Audio/CityAmbience.mixer
  artifactKey: Guid(c3487560357ac3e4f82f66e3beee5858) Importer(815301076,1909f56bfc062723c751e8b465ee728b)
Start importing Assets/Audio/CityAmbience.mixer using Guid(c3487560357ac3e4f82f66e3beee5858) Importer(815301076,1909f56bfc062723c751e8b465ee728b)  -> (artifact id: '1fdd670f3d3752539c4074fdb9d76f83') in 0.018252 seconds
  Import took 0.022377 seconds .

========================================================================
Received Import Request.
  Time since last request: 163.048050 seconds.
  path: Assets/Audio/cityQuie_441-16.ogg
  artifactKey: Guid(7a58f6d29739d02448462a2c0ee37b47) Importer(815301076,1909f56bfc062723c751e8b465ee728b)
Start importing Assets/Audio/cityQuie_441-16.ogg using Guid(7a58f6d29739d02448462a2c0ee37b47) Importer(815301076,1909f56bfc062723c751e8b465ee728b)  -> (artifact id: '50a21cbf0e31b3b6d234dd127bf95d9e') in 0.102207 seconds
  Import took 0.212286 seconds .

========================================================================
Received Import Request.
  Time since last request: 3550.627949 seconds.
  path: Assets/Audio/cityMorning_441-16.ogg
  artifactKey: Guid(9f19816187b16624584a6a124fe973db) Importer(815301076,1909f56bfc062723c751e8b465ee728b)
Start importing Assets/Audio/cityMorning_441-16.ogg using Guid(9f19816187b16624584a6a124fe973db) Importer(815301076,1909f56bfc062723c751e8b465ee728b)  -> (artifact id: '0671c16510951601e0e980cdec83b90f') in 0.032630 seconds
  Import took 0.036174 seconds .

========================================================================
Received Import Request.
  Time since last request: 3.781242 seconds.
  path: Assets/Materials
  artifactKey: Guid(d0234ba368eeec9418390da711bfdad0) Importer(815301076,1909f56bfc062723c751e8b465ee728b)
Start importing Assets/Materials using Guid(d0234ba368eeec9418390da711bfdad0) Importer(815301076,1909f56bfc062723c751e8b465ee728b)  -> (artifact id: 'dd1fccef896d48891410691dfde716e5') in 0.011361 seconds
  Import took 0.014590 seconds .

========================================================================
Received Import Request.
  Time since last request: 1.041903 seconds.
  path: Assets/Audio/trafficEvening_441-16.ogg
  artifactKey: Guid(0106057f127aa0e45b6ae946fc07894a) Importer(815301076,1909f56bfc062723c751e8b465ee728b)
Start importing Assets/Audio/trafficEvening_441-16.ogg using Guid(0106057f127aa0e45b6ae946fc07894a) Importer(815301076,1909f56bfc062723c751e8b465ee728b)  -> (artifact id: '940e52fcfb191f3855b2d52d414594ad') in 0.039745 seconds
  Import took 0.043332 seconds .

========================================================================
Received Import Request.
  Time since last request: 36.031142 seconds.
  path: Assets/Audio/CityAmbience 1.mixer
  artifactKey: Guid(45564438668da93429f82f783fd80b0d) Importer(815301076,1909f56bfc062723c751e8b465ee728b)
Start importing Assets/Audio/CityAmbience 1.mixer using Guid(45564438668da93429f82f783fd80b0d) Importer(815301076,1909f56bfc062723c751e8b465ee728b)  -> (artifact id: '376808678f9f0fee612462de9b714607') in 0.011046 seconds
  Import took 0.015155 seconds .

========================================================================
Received Import Request.
  Time since last request: 95.155701 seconds.
  path: Assets/Audio/BirdsMorning.ogg
  artifactKey: Guid(c328be938d52cd748809038584237254) Importer(815301076,1909f56bfc062723c751e8b465ee728b)
Start importing Assets/Audio/BirdsMorning.ogg using Guid(c328be938d52cd748809038584237254) Importer(815301076,1909f56bfc062723c751e8b465ee728b)  -> (artifact id: '7838187d1ab084108b969496a264d5eb') in 0.055180 seconds
  Import took 0.058501 seconds .

========================================================================
Received Import Request.
  Time since last request: 62.289636 seconds.
  path: Assets/Quiet.mixer
  artifactKey: Guid(19fbcad7a4808004eab3b6fe93cf4ab3) Importer(815301076,1909f56bfc062723c751e8b465ee728b)
Start importing Assets/Quiet.mixer using Guid(19fbcad7a4808004eab3b6fe93cf4ab3) Importer(815301076,1909f56bfc062723c751e8b465ee728b)  -> (artifact id: 'a5423d1d1cea1597476f984bfc4df2b5') in 0.009174 seconds
  Import took 0.012512 seconds .

========================================================================
Received Import Request.
  Time since last request: 13.754029 seconds.
  path: Assets/Audio/Quiet.mixer
  artifactKey: Guid(19fbcad7a4808004eab3b6fe93cf4ab3) Importer(815301076,1909f56bfc062723c751e8b465ee728b)
Start importing Assets/Audio/Quiet.mixer using Guid(19fbcad7a4808004eab3b6fe93cf4ab3) Importer(815301076,1909f56bfc062723c751e8b465ee728b)  -> (artifact id: 'f9e3b9bfd15496cf03febc696e8bc8e5') in 0.006711 seconds
  Import took 0.018220 seconds .

========================================================================
Received Import Request.
  Time since last request: 39.724191 seconds.
  path: Assets/Audio/CityAmbience.mixer
  artifactKey: Guid(c3487560357ac3e4f82f66e3beee5858) Importer(815301076,1909f56bfc062723c751e8b465ee728b)
Start importing Assets/Audio/CityAmbience.mixer using Guid(c3487560357ac3e4f82f66e3beee5858) Importer(815301076,1909f56bfc062723c751e8b465ee728b)  -> (artifact id: '0fea8a0695ed33cee7c99e1f848a8728') in 0.008395 seconds
  Import took 0.018417 seconds .

========================================================================
Received Import Request.
  Time since last request: 7.071434 seconds.
  path: Assets/Audio/CityAmbience.mixer
  artifactKey: Guid(c3487560357ac3e4f82f66e3beee5858) Importer(815301076,1909f56bfc062723c751e8b465ee728b)
Start importing Assets/Audio/CityAmbience.mixer using Guid(c3487560357ac3e4f82f66e3beee5858) Importer(815301076,1909f56bfc062723c751e8b465ee728b)  -> (artifact id: '196e4743aa0d2128e57d80d9b1a32931') in 0.007249 seconds
  Import took 0.010709 seconds .

========================================================================
Received Import Request.
  Time since last request: 6.184640 seconds.
  path: Assets/Audio/CityAmbience.mixer
  artifactKey: Guid(c3487560357ac3e4f82f66e3beee5858) Importer(815301076,1909f56bfc062723c751e8b465ee728b)
Start importing Assets/Audio/CityAmbience.mixer using Guid(c3487560357ac3e4f82f66e3beee5858) Importer(815301076,1909f56bfc062723c751e8b465ee728b)  -> (artifact id: 'c99af0f18a2b654a21695c7ef4187cfc') in 0.006619 seconds
  Import took 0.009785 seconds .

========================================================================
Received Import Request.
  Time since last request: 0.009329 seconds.
  path: Assets/Audio/CityAmbience.mixer
  artifactKey: Guid(c3487560357ac3e4f82f66e3beee5858) Importer(815301076,1909f56bfc062723c751e8b465ee728b)
Start importing Assets/Audio/CityAmbience.mixer using Guid(c3487560357ac3e4f82f66e3beee5858) Importer(815301076,1909f56bfc062723c751e8b465ee728b)  -> (artifact id: 'c99af0f18a2b654a21695c7ef4187cfc') in 0.006051 seconds
  Import took 0.009125 seconds .

========================================================================
Received Import Request.
  Time since last request: 4.067537 seconds.
  path: Assets/Audio/CityAmbience.mixer
  artifactKey: Guid(c3487560357ac3e4f82f66e3beee5858) Importer(815301076,1909f56bfc062723c751e8b465ee728b)
Start importing Assets/Audio/CityAmbience.mixer using Guid(c3487560357ac3e4f82f66e3beee5858) Importer(815301076,1909f56bfc062723c751e8b465ee728b)  -> (artifact id: 'bd13b9442da9de2885d575c75a4c9864') in 0.007383 seconds
  Import took 0.019863 seconds .

========================================================================
Received Import Request.
  Time since last request: 142.918470 seconds.
  path: Assets/Audio/CityAmbience.mixer
  artifactKey: Guid(c3487560357ac3e4f82f66e3beee5858) Importer(815301076,1909f56bfc062723c751e8b465ee728b)
Start importing Assets/Audio/CityAmbience.mixer using Guid(c3487560357ac3e4f82f66e3beee5858) Importer(815301076,1909f56bfc062723c751e8b465ee728b)  -> (artifact id: '36a120bb8681aac002ec96ec3a347167') in 0.006726 seconds
  Import took 0.010869 seconds .

========================================================================
Received Prepare
Registering precompiled user dll's ...
Registered in 0.001203 seconds.
Begin MonoManager ReloadAssembly
Native extension for WindowsStandalone target not found
Refreshing native plugins compatible for Editor in 0.35 ms, found 0 plugins.
Preloading 0 native plugins for Editor in 0.00 ms.
Mono: successfully reloaded assembly
- Completed reload, in  0.957 seconds
Platform modules already initialized, skipping
Shader 'Universal Render Pipeline/Particles/Lit': fallback shader 'Universal Render Pipeline/Particles/SimpleLit' not found
Shader 'Universal Render Pipeline/Particles/Lit': fallback shader 'Universal Render Pipeline/Particles/SimpleLit' not found
Refreshing native plugins compatible for Editor in 0.40 ms, found 0 plugins.
Preloading 0 native plugins for Editor in 0.00 ms.
Unloading 2344 Unused Serialized files (Serialized files now loaded: 0)
System memory in use before: 112.6 MB.
System memory in use after: 109.9 MB.

Unloading 40 unused Assets to reduce memory usage. Loaded Objects now: 2841.
Total: 3.054800 ms (FindLiveObjects: 0.258900 ms CreateObjectMapping: 0.099200 ms MarkObjects: 1.600400 ms  DeleteObjects: 1.095200 ms)

========================================================================
Received Prepare
Registering precompiled user dll's ...
Registered in 0.001283 seconds.
Begin MonoManager ReloadAssembly
Native extension for WindowsStandalone target not found
Refreshing native plugins compatible for Editor in 0.39 ms, found 0 plugins.
Preloading 0 native plugins for Editor in 0.00 ms.
Mono: successfully reloaded assembly
- Completed reload, in  0.765 seconds
Platform modules already initialized, skipping
Shader 'Universal Render Pipeline/Particles/Lit': fallback shader 'Universal Render Pipeline/Particles/SimpleLit' not found
Shader 'Universal Render Pipeline/Particles/Lit': fallback shader 'Universal Render Pipeline/Particles/SimpleLit' not found
Refreshing native plugins compatible for Editor in 0.40 ms, found 0 plugins.
Preloading 0 native plugins for Editor in 0.00 ms.
Unloading 2344 Unused Serialized files (Serialized files now loaded: 0)
System memory in use before: 112.6 MB.
System memory in use after: 109.9 MB.

Unloading 40 unused Assets to reduce memory usage. Loaded Objects now: 2844.
Total: 3.071900 ms (FindLiveObjects: 0.205900 ms CreateObjectMapping: 0.165800 ms MarkObjects: 1.480000 ms  DeleteObjects: 1.219300 ms)

========================================================================
Received Import Request.
  Time since last request: 445.170968 seconds.
  path: Assets/Audio/CityAmbience.mixer
  artifactKey: Guid(c3487560357ac3e4f82f66e3beee5858) Importer(815301076,1909f56bfc062723c751e8b465ee728b)
Start importing Assets/Audio/CityAmbience.mixer using Guid(c3487560357ac3e4f82f66e3beee5858) Importer(815301076,1909f56bfc062723c751e8b465ee728b)  -> (artifact id: '81e829c253795f1938e990d082307d80') in 0.017042 seconds
  Import took 0.020601 seconds .

========================================================================
Received Prepare
Registering precompiled user dll's ...
Registered in 0.001056 seconds.
Begin MonoManager ReloadAssembly
Native extension for WindowsStandalone target not found
Refreshing native plugins compatible for Editor in 0.36 ms, found 0 plugins.
Preloading 0 native plugins for Editor in 0.00 ms.
Mono: successfully reloaded assembly
- Completed reload, in  0.660 seconds
Platform modules already initialized, skipping
Shader 'Universal Render Pipeline/Particles/Lit': fallback shader 'Universal Render Pipeline/Particles/SimpleLit' not found
Shader 'Universal Render Pipeline/Particles/Lit': fallback shader 'Universal Render Pipeline/Particles/SimpleLit' not found
Refreshing native plugins compatible for Editor in 0.34 ms, found 0 plugins.
Preloading 0 native plugins for Editor in 0.00 ms.
Unloading 2344 Unused Serialized files (Serialized files now loaded: 0)
System memory in use before: 112.7 MB.
System memory in use after: 109.9 MB.

Unloading 40 unused Assets to reduce memory usage. Loaded Objects now: 2847.
Total: 2.890500 ms (FindLiveObjects: 0.178700 ms CreateObjectMapping: 0.073600 ms MarkObjects: 1.405600 ms  DeleteObjects: 1.231700 ms)

========================================================================
Received Import Request.
  Time since last request: 45.067643 seconds.
  path: Assets/Audio/CityAmbience.mixer
  artifactKey: Guid(c3487560357ac3e4f82f66e3beee5858) Importer(815301076,1909f56bfc062723c751e8b465ee728b)
Start importing Assets/Audio/CityAmbience.mixer using Guid(c3487560357ac3e4f82f66e3beee5858) Importer(815301076,1909f56bfc062723c751e8b465ee728b)  -> (artifact id: '417a18cba50fb5b220ca73e4f30106c9') in 0.027377 seconds
  Import took 0.031970 seconds .

========================================================================
Received Import Request.
  Time since last request: 40.235765 seconds.
  path: Assets/Audio/CityAmbience.mixer
  artifactKey: Guid(c3487560357ac3e4f82f66e3beee5858) Importer(815301076,1909f56bfc062723c751e8b465ee728b)
Start importing Assets/Audio/CityAmbience.mixer using Guid(c3487560357ac3e4f82f66e3beee5858) Importer(815301076,1909f56bfc062723c751e8b465ee728b)  -> (artifact id: '5021a9f4983977e523739cd0ca8575c6') in 0.006978 seconds
  Import took 0.010179 seconds .

========================================================================
Received Import Request.
  Time since last request: 0.005666 seconds.
  path: Assets/Audio/CityAmbience.mixer
  artifactKey: Guid(c3487560357ac3e4f82f66e3beee5858) Importer(815301076,1909f56bfc062723c751e8b465ee728b)
Start importing Assets/Audio/CityAmbience.mixer using Guid(c3487560357ac3e4f82f66e3beee5858) Importer(815301076,1909f56bfc062723c751e8b465ee728b)  -> (artifact id: '5021a9f4983977e523739cd0ca8575c6') in 0.006928 seconds
  Import took 0.010488 seconds .

========================================================================
Received Prepare
Registering precompiled user dll's ...
Registered in 0.068164 seconds.
Begin MonoManager ReloadAssembly
Native extension for WindowsStandalone target not found
Refreshing native plugins compatible for Editor in 0.34 ms, found 0 plugins.
Preloading 0 native plugins for Editor in 0.00 ms.
Mono: successfully reloaded assembly
- Completed reload, in  4.331 seconds
Platform modules already initialized, skipping
Shader 'Universal Render Pipeline/Particles/Lit': fallback shader 'Universal Render Pipeline/Particles/SimpleLit' not found
Shader 'Universal Render Pipeline/Particles/Lit': fallback shader 'Universal Render Pipeline/Particles/SimpleLit' not found
Refreshing native plugins compatible for Editor in 0.34 ms, found 0 plugins.
Preloading 0 native plugins for Editor in 0.00 ms.
Unloading 2344 Unused Serialized files (Serialized files now loaded: 0)
System memory in use before: 112.6 MB.
System memory in use after: 109.8 MB.

Unloading 40 unused Assets to reduce memory usage. Loaded Objects now: 2850.
Total: 2.727000 ms (FindLiveObjects: 0.172500 ms CreateObjectMapping: 0.074900 ms MarkObjects: 1.306500 ms  DeleteObjects: 1.172600 ms)

========================================================================
Received Import Request.
  Time since last request: 58.897974 seconds.
  path: Assets/Audio/CityAmbience.mixer
  artifactKey: Guid(c3487560357ac3e4f82f66e3beee5858) Importer(815301076,1909f56bfc062723c751e8b465ee728b)
Start importing Assets/Audio/CityAmbience.mixer using Guid(c3487560357ac3e4f82f66e3beee5858) Importer(815301076,1909f56bfc062723c751e8b465ee728b)  -> (artifact id: '5353efca1f2e8c0a9452d6335262e077') in 0.016263 seconds
  Import took 0.019441 seconds .

========================================================================
Received Prepare
Registering precompiled user dll's ...
Registered in 0.001074 seconds.
Begin MonoManager ReloadAssembly
Native extension for WindowsStandalone target not found
Refreshing native plugins compatible for Editor in 0.34 ms, found 0 plugins.
Preloading 0 native plugins for Editor in 0.00 ms.
Mono: successfully reloaded assembly
- Completed reload, in  0.663 seconds
Platform modules already initialized, skipping
Shader 'Universal Render Pipeline/Particles/Lit': fallback shader 'Universal Render Pipeline/Particles/SimpleLit' not found
Shader 'Universal Render Pipeline/Particles/Lit': fallback shader 'Universal Render Pipeline/Particles/SimpleLit' not found
Refreshing native plugins compatible for Editor in 0.35 ms, found 0 plugins.
Preloading 0 native plugins for Editor in 0.00 ms.
Unloading 2344 Unused Serialized files (Serialized files now loaded: 0)
System memory in use before: 112.7 MB.
System memory in use after: 109.9 MB.

Unloading 40 unused Assets to reduce memory usage. Loaded Objects now: 2853.
Total: 2.853400 ms (FindLiveObjects: 0.175100 ms CreateObjectMapping: 0.078500 ms MarkObjects: 1.400600 ms  DeleteObjects: 1.198300 ms)

========================================================================
Received Prepare
Registering precompiled user dll's ...
Registered in 0.001350 seconds.
Begin MonoManager ReloadAssembly
Native extension for WindowsStandalone target not found
Refreshing native plugins compatible for Editor in 0.44 ms, found 0 plugins.
Preloading 0 native plugins for Editor in 0.00 ms.
Mono: successfully reloaded assembly
- Completed reload, in  0.780 seconds
Platform modules already initialized, skipping
Shader 'Universal Render Pipeline/Particles/Lit': fallback shader 'Universal Render Pipeline/Particles/SimpleLit' not found
Shader 'Universal Render Pipeline/Particles/Lit': fallback shader 'Universal Render Pipeline/Particles/SimpleLit' not found
Refreshing native plugins compatible for Editor in 0.55 ms, found 0 plugins.
Preloading 0 native plugins for Editor in 0.00 ms.
Unloading 2344 Unused Serialized files (Serialized files now loaded: 0)
System memory in use before: 112.7 MB.
System memory in use after: 110.0 MB.

Unloading 40 unused Assets to reduce memory usage. Loaded Objects now: 2856.
Total: 3.326400 ms (FindLiveObjects: 0.259500 ms CreateObjectMapping: 0.111200 ms MarkObjects: 1.668100 ms  DeleteObjects: 1.286500 ms)

========================================================================
Received Import Request.
  Time since last request: 91.203648 seconds.
  path: Assets/Audio/CityAmbience.mixer
  artifactKey: Guid(c3487560357ac3e4f82f66e3beee5858) Importer(815301076,1909f56bfc062723c751e8b465ee728b)
Start importing Assets/Audio/CityAmbience.mixer using Guid(c3487560357ac3e4f82f66e3beee5858) Importer(815301076,1909f56bfc062723c751e8b465ee728b)  -> (artifact id: 'f3618aae798956f7a19a2253b791947c') in 0.020284 seconds
  Import took 0.023575 seconds .

========================================================================
Received Import Request.
  Time since last request: 0.030543 seconds.
  path: Assets/Audio/CityAmbience.mixer
  artifactKey: Guid(c3487560357ac3e4f82f66e3beee5858) Importer(815301076,1909f56bfc062723c751e8b465ee728b)
Start importing Assets/Audio/CityAmbience.mixer using Guid(c3487560357ac3e4f82f66e3beee5858) Importer(815301076,1909f56bfc062723c751e8b465ee728b)  -> (artifact id: 'f3618aae798956f7a19a2253b791947c') in 0.005766 seconds
  Import took 0.008832 seconds .

========================================================================
Received Import Request.
  Time since last request: 16.748146 seconds.
  path: Assets/Audio/CityAmbience.mixer
  artifactKey: Guid(c3487560357ac3e4f82f66e3beee5858) Importer(815301076,1909f56bfc062723c751e8b465ee728b)
Start importing Assets/Audio/CityAmbience.mixer using Guid(c3487560357ac3e4f82f66e3beee5858) Importer(815301076,1909f56bfc062723c751e8b465ee728b)  -> (artifact id: 'af45381cb0e1d4c4fc5b32a86e36f497') in 0.006901 seconds
  Import took 0.030865 seconds .

========================================================================
Received Prepare
Registering precompiled user dll's ...
Registered in 0.001132 seconds.
Begin MonoManager ReloadAssembly
Native extension for WindowsStandalone target not found
Refreshing native plugins compatible for Editor in 0.34 ms, found 0 plugins.
Preloading 0 native plugins for Editor in 0.00 ms.
Mono: successfully reloaded assembly
- Completed reload, in  0.650 seconds
Platform modules already initialized, skipping
Shader 'Universal Render Pipeline/Particles/Lit': fallback shader 'Universal Render Pipeline/Particles/SimpleLit' not found
Shader 'Universal Render Pipeline/Particles/Lit': fallback shader 'Universal Render Pipeline/Particles/SimpleLit' not found
Refreshing native plugins compatible for Editor in 0.34 ms, found 0 plugins.
Preloading 0 native plugins for Editor in 0.00 ms.
Unloading 2344 Unused Serialized files (Serialized files now loaded: 0)
System memory in use before: 112.7 MB.
System memory in use after: 110.0 MB.

Unloading 40 unused Assets to reduce memory usage. Loaded Objects now: 2859.
Total: 2.814000 ms (FindLiveObjects: 0.185100 ms CreateObjectMapping: 0.075400 ms MarkObjects: 1.364300 ms  DeleteObjects: 1.188600 ms)

========================================================================
Received Import Request.
  Time since last request: 334.857671 seconds.
  path: Assets/Audio/CityAmbience.mixer
  artifactKey: Guid(c3487560357ac3e4f82f66e3beee5858) Importer(815301076,1909f56bfc062723c751e8b465ee728b)
Start importing Assets/Audio/CityAmbience.mixer using Guid(c3487560357ac3e4f82f66e3beee5858) Importer(815301076,1909f56bfc062723c751e8b465ee728b)  -> (artifact id: '4d2b02a0ce8655dcd950435ed2ab7c11') in 0.018417 seconds
  Import took 0.022018 seconds .

========================================================================
Received Import Request.
  Time since last request: 2.332650 seconds.
  path: Assets/Audio/CityAmbience.mixer
  artifactKey: Guid(c3487560357ac3e4f82f66e3beee5858) Importer(815301076,1909f56bfc062723c751e8b465ee728b)
Start importing Assets/Audio/CityAmbience.mixer using Guid(c3487560357ac3e4f82f66e3beee5858) Importer(815301076,1909f56bfc062723c751e8b465ee728b)  -> (artifact id: '793c2189e65818714bd743c8b2ba9011') in 0.006310 seconds
  Import took 0.009487 seconds .

========================================================================
Received Prepare
Registering precompiled user dll's ...
Registered in 0.001065 seconds.
Begin MonoManager ReloadAssembly
Native extension for WindowsStandalone target not found
Refreshing native plugins compatible for Editor in 0.39 ms, found 0 plugins.
Preloading 0 native plugins for Editor in 0.00 ms.
Mono: successfully reloaded assembly
- Completed reload, in  0.817 seconds
Platform modules already initialized, skipping
Shader 'Universal Render Pipeline/Particles/Lit': fallback shader 'Universal Render Pipeline/Particles/SimpleLit' not found
Shader 'Universal Render Pipeline/Particles/Lit': fallback shader 'Universal Render Pipeline/Particles/SimpleLit' not found
Refreshing native plugins compatible for Editor in 0.34 ms, found 0 plugins.
Preloading 0 native plugins for Editor in 0.00 ms.
Unloading 2344 Unused Serialized files (Serialized files now loaded: 0)
System memory in use before: 112.7 MB.
System memory in use after: 110.0 MB.

Unloading 40 unused Assets to reduce memory usage. Loaded Objects now: 2862.
Total: 2.910000 ms (FindLiveObjects: 0.189900 ms CreateObjectMapping: 0.085600 ms MarkObjects: 1.408800 ms  DeleteObjects: 1.225100 ms)

========================================================================
Received Import Request.
  Time since last request: 65.939911 seconds.
  path: Assets/Audio/CityAmbience.mixer
  artifactKey: Guid(c3487560357ac3e4f82f66e3beee5858) Importer(815301076,1909f56bfc062723c751e8b465ee728b)
Start importing Assets/Audio/CityAmbience.mixer using Guid(c3487560357ac3e4f82f66e3beee5858) Importer(815301076,1909f56bfc062723c751e8b465ee728b)  -> (artifact id: 'cd3d56dd3bc1905889a8a2d929dd2e36') in 0.017952 seconds
  Import took 0.020991 seconds .

========================================================================
Received Import Request.
  Time since last request: 164.041691 seconds.
  path: Assets/Audio/cityNight_441-16.ogg
  artifactKey: Guid(d63dde5194e0c1e4a9df79fb567f9d48) Importer(815301076,1909f56bfc062723c751e8b465ee728b)
Start importing Assets/Audio/cityNight_441-16.ogg using Guid(d63dde5194e0c1e4a9df79fb567f9d48) Importer(815301076,1909f56bfc062723c751e8b465ee728b)  -> (artifact id: '7774c0c69992e1044cf87fd8327cd208') in 0.071001 seconds
  Import took 0.074478 seconds .

========================================================================
Received Prepare
Registering precompiled user dll's ...
Registered in 0.001118 seconds.
Begin MonoManager ReloadAssembly
Native extension for WindowsStandalone target not found
Refreshing native plugins compatible for Editor in 0.34 ms, found 0 plugins.
Preloading 0 native plugins for Editor in 0.00 ms.
Mono: successfully reloaded assembly
- Completed reload, in  0.659 seconds
Platform modules already initialized, skipping
Shader 'Universal Render Pipeline/Particles/Lit': fallback shader 'Universal Render Pipeline/Particles/SimpleLit' not found
Shader 'Universal Render Pipeline/Particles/Lit': fallback shader 'Universal Render Pipeline/Particles/SimpleLit' not found
Refreshing native plugins compatible for Editor in 0.35 ms, found 0 plugins.
Preloading 0 native plugins for Editor in 0.00 ms.
Unloading 2344 Unused Serialized files (Serialized files now loaded: 0)
System memory in use before: 112.6 MB.
System memory in use after: 109.9 MB.

Unloading 40 unused Assets to reduce memory usage. Loaded Objects now: 2866.
Total: 2.809800 ms (FindLiveObjects: 0.182200 ms CreateObjectMapping: 0.081400 ms MarkObjects: 1.329100 ms  DeleteObjects: 1.216400 ms)

========================================================================
Received Import Request.
  Time since last request: 60.480527 seconds.
  path: Assets/Audio/CityAmbience.mixer
  artifactKey: Guid(c3487560357ac3e4f82f66e3beee5858) Importer(815301076,1909f56bfc062723c751e8b465ee728b)
Start importing Assets/Audio/CityAmbience.mixer using Guid(c3487560357ac3e4f82f66e3beee5858) Importer(815301076,1909f56bfc062723c751e8b465ee728b)  -> (artifact id: '9e93fd6d4531e81ad28d904d8085c4a7') in 0.096512 seconds
  Import took 0.100884 seconds .

========================================================================
Received Import Request.
  Time since last request: 1.302927 seconds.
  path: Assets/Audio/CityAmbience.mixer
  artifactKey: Guid(c3487560357ac3e4f82f66e3beee5858) Importer(815301076,1909f56bfc062723c751e8b465ee728b)
Start importing Assets/Audio/CityAmbience.mixer using Guid(c3487560357ac3e4f82f66e3beee5858) Importer(815301076,1909f56bfc062723c751e8b465ee728b)  -> (artifact id: '7ee677ddaa8b6eef98a65a47333b3f39') in 0.007479 seconds
  Import took 0.010563 seconds .

========================================================================
Received Prepare
Registering precompiled user dll's ...
Registered in 0.001149 seconds.
Begin MonoManager ReloadAssembly
Native extension for WindowsStandalone target not found
Refreshing native plugins compatible for Editor in 0.34 ms, found 0 plugins.
Preloading 0 native plugins for Editor in 0.00 ms.
Mono: successfully reloaded assembly
- Completed reload, in  0.650 seconds
Platform modules already initialized, skipping
Shader 'Universal Render Pipeline/Particles/Lit': fallback shader 'Universal Render Pipeline/Particles/SimpleLit' not found
Shader 'Universal Render Pipeline/Particles/Lit': fallback shader 'Universal Render Pipeline/Particles/SimpleLit' not found
Refreshing native plugins compatible for Editor in 0.34 ms, found 0 plugins.
Preloading 0 native plugins for Editor in 0.00 ms.
Unloading 2344 Unused Serialized files (Serialized files now loaded: 0)
System memory in use before: 112.8 MB.
System memory in use after: 110.0 MB.

Unloading 40 unused Assets to reduce memory usage. Loaded Objects now: 2869.
Total: 2.893000 ms (FindLiveObjects: 0.181000 ms CreateObjectMapping: 0.076800 ms MarkObjects: 1.402300 ms  DeleteObjects: 1.232000 ms)

========================================================================
Received Import Request.
  Time since last request: 67.806682 seconds.
  path: Assets/Audio/CityAmbience.mixer
  artifactKey: Guid(c3487560357ac3e4f82f66e3beee5858) Importer(815301076,1909f56bfc062723c751e8b465ee728b)
Start importing Assets/Audio/CityAmbience.mixer using Guid(c3487560357ac3e4f82f66e3beee5858) Importer(815301076,1909f56bfc062723c751e8b465ee728b)  -> (artifact id: '685b500328fb653cad52f42303f42ecd') in 0.014585 seconds
  Import took 0.017668 seconds .

========================================================================
Received Prepare
Registering precompiled user dll's ...
Registered in 0.001077 seconds.
Begin MonoManager ReloadAssembly
Native extension for WindowsStandalone target not found
Refreshing native plugins compatible for Editor in 0.34 ms, found 0 plugins.
Preloading 0 native plugins for Editor in 0.00 ms.
Mono: successfully reloaded assembly
- Completed reload, in  0.667 seconds
Platform modules already initialized, skipping
Shader 'Universal Render Pipeline/Particles/Lit': fallback shader 'Universal Render Pipeline/Particles/SimpleLit' not found
Shader 'Universal Render Pipeline/Particles/Lit': fallback shader 'Universal Render Pipeline/Particles/SimpleLit' not found
Refreshing native plugins compatible for Editor in 0.34 ms, found 0 plugins.
Preloading 0 native plugins for Editor in 0.00 ms.
Unloading 2344 Unused Serialized files (Serialized files now loaded: 0)
System memory in use before: 112.8 MB.
System memory in use after: 110.0 MB.

Unloading 40 unused Assets to reduce memory usage. Loaded Objects now: 2872.
Total: 2.919200 ms (FindLiveObjects: 0.177100 ms CreateObjectMapping: 0.071000 ms MarkObjects: 1.435900 ms  DeleteObjects: 1.234600 ms)

========================================================================
Received Import Request.
  Time since last request: 310.635416 seconds.
  path: Assets/Audio/CityAmbience.mixer
  artifactKey: Guid(c3487560357ac3e4f82f66e3beee5858) Importer(815301076,1909f56bfc062723c751e8b465ee728b)
Start importing Assets/Audio/CityAmbience.mixer using Guid(c3487560357ac3e4f82f66e3beee5858) Importer(815301076,1909f56bfc062723c751e8b465ee728b)  -> (artifact id: '6230051405493d105212fe020092eff7') in 0.014573 seconds
  Import took 0.017601 seconds .

========================================================================
Received Prepare
Registering precompiled user dll's ...
Registered in 0.001098 seconds.
Begin MonoManager ReloadAssembly
Native extension for WindowsStandalone target not found
Refreshing native plugins compatible for Editor in 0.37 ms, found 0 plugins.
Preloading 0 native plugins for Editor in 0.00 ms.
Mono: successfully reloaded assembly
- Completed reload, in  1.082 seconds
Platform modules already initialized, skipping
Shader 'Universal Render Pipeline/Particles/Lit': fallback shader 'Universal Render Pipeline/Particles/SimpleLit' not found
Shader 'Universal Render Pipeline/Particles/Lit': fallback shader 'Universal Render Pipeline/Particles/SimpleLit' not found
Refreshing native plugins compatible for Editor in 0.34 ms, found 0 plugins.
Preloading 0 native plugins for Editor in 0.00 ms.
Unloading 2345 Unused Serialized files (Serialized files now loaded: 0)
System memory in use before: 112.7 MB.
System memory in use after: 110.0 MB.

Unloading 40 unused Assets to reduce memory usage. Loaded Objects now: 2876.
Total: 3.182700 ms (FindLiveObjects: 0.230900 ms CreateObjectMapping: 0.091500 ms MarkObjects: 1.584000 ms  DeleteObjects: 1.275000 ms)

========================================================================
Received Prepare
Registering precompiled user dll's ...
Registered in 0.001220 seconds.
Begin MonoManager ReloadAssembly
Native extension for WindowsStandalone target not found
Refreshing native plugins compatible for Editor in 0.39 ms, found 0 plugins.
Preloading 0 native plugins for Editor in 0.00 ms.
Mono: successfully reloaded assembly
- Completed reload, in  0.815 seconds
Platform modules already initialized, skipping
Shader 'Universal Render Pipeline/Particles/Lit': fallback shader 'Universal Render Pipeline/Particles/SimpleLit' not found
Shader 'Universal Render Pipeline/Particles/Lit': fallback shader 'Universal Render Pipeline/Particles/SimpleLit' not found
Refreshing native plugins compatible for Editor in 0.36 ms, found 0 plugins.
Preloading 0 native plugins for Editor in 0.00 ms.
Unloading 2345 Unused Serialized files (Serialized files now loaded: 0)
System memory in use before: 112.7 MB.
System memory in use after: 110.0 MB.

Unloading 40 unused Assets to reduce memory usage. Loaded Objects now: 2879.
Total: 3.521700 ms (FindLiveObjects: 0.241600 ms CreateObjectMapping: 0.153300 ms MarkObjects: 1.548700 ms  DeleteObjects: 1.576500 ms)

========================================================================
Received Import Request.
  Time since last request: 4381.093147 seconds.
  path: Assets/Scripts/SnapShotCollider.cs
  artifactKey: Guid(8890964a42991d247872c667824f57d0) Importer(815301076,1909f56bfc062723c751e8b465ee728b)
Start importing Assets/Scripts/SnapShotCollider.cs using Guid(8890964a42991d247872c667824f57d0) Importer(815301076,1909f56bfc062723c751e8b465ee728b)  -> (artifact id: 'e752a1e71ec79a0d973a32f7c9e061ad') in 0.017603 seconds
  Import took 0.035767 seconds .

========================================================================
Received Prepare
Registering precompiled user dll's ...
Registered in 0.001125 seconds.
Begin MonoManager ReloadAssembly
Native extension for WindowsStandalone target not found
Refreshing native plugins compatible for Editor in 0.35 ms, found 0 plugins.
Preloading 0 native plugins for Editor in 0.00 ms.
Mono: successfully reloaded assembly
- Completed reload, in  0.862 seconds
Platform modules already initialized, skipping
Shader 'Universal Render Pipeline/Particles/Lit': fallback shader 'Universal Render Pipeline/Particles/SimpleLit' not found
Shader 'Universal Render Pipeline/Particles/Lit': fallback shader 'Universal Render Pipeline/Particles/SimpleLit' not found
Refreshing native plugins compatible for Editor in 0.34 ms, found 0 plugins.
Preloading 0 native plugins for Editor in 0.00 ms.
Unloading 2345 Unused Serialized files (Serialized files now loaded: 0)
System memory in use before: 112.7 MB.
System memory in use after: 109.9 MB.

Unloading 40 unused Assets to reduce memory usage. Loaded Objects now: 2882.
Total: 2.998600 ms (FindLiveObjects: 0.236200 ms CreateObjectMapping: 0.088300 ms MarkObjects: 1.435200 ms  DeleteObjects: 1.238000 ms)

========================================================================
Received Prepare
Registering precompiled user dll's ...
Registered in 0.001142 seconds.
Begin MonoManager ReloadAssembly
Native extension for WindowsStandalone target not found
Refreshing native plugins compatible for Editor in 0.34 ms, found 0 plugins.
Preloading 0 native plugins for Editor in 0.00 ms.
Mono: successfully reloaded assembly
- Completed reload, in  0.670 seconds
Platform modules already initialized, skipping
Shader 'Universal Render Pipeline/Particles/Lit': fallback shader 'Universal Render Pipeline/Particles/SimpleLit' not found
Shader 'Universal Render Pipeline/Particles/Lit': fallback shader 'Universal Render Pipeline/Particles/SimpleLit' not found
Refreshing native plugins compatible for Editor in 0.34 ms, found 0 plugins.
Preloading 0 native plugins for Editor in 0.00 ms.
Unloading 2345 Unused Serialized files (Serialized files now loaded: 0)
System memory in use before: 112.8 MB.
System memory in use after: 110.0 MB.

Unloading 40 unused Assets to reduce memory usage. Loaded Objects now: 2885.
Total: 2.880000 ms (FindLiveObjects: 0.182000 ms CreateObjectMapping: 0.077000 ms MarkObjects: 1.399300 ms  DeleteObjects: 1.220900 ms)

========================================================================
Received Prepare
Registering precompiled user dll's ...
Registered in 0.001086 seconds.
Begin MonoManager ReloadAssembly
Native extension for WindowsStandalone target not found
Refreshing native plugins compatible for Editor in 0.34 ms, found 0 plugins.
Preloading 0 native plugins for Editor in 0.00 ms.
Mono: successfully reloaded assembly
- Completed reload, in  0.688 seconds
Platform modules already initialized, skipping
Shader 'Universal Render Pipeline/Particles/Lit': fallback shader 'Universal Render Pipeline/Particles/SimpleLit' not found
Shader 'Universal Render Pipeline/Particles/Lit': fallback shader 'Universal Render Pipeline/Particles/SimpleLit' not found
Refreshing native plugins compatible for Editor in 0.34 ms, found 0 plugins.
Preloading 0 native plugins for Editor in 0.00 ms.
Unloading 2345 Unused Serialized files (Serialized files now loaded: 0)
System memory in use before: 112.8 MB.
System memory in use after: 110.1 MB.

Unloading 40 unused Assets to reduce memory usage. Loaded Objects now: 2888.
Total: 2.813300 ms (FindLiveObjects: 0.188200 ms CreateObjectMapping: 0.084000 ms MarkObjects: 1.315900 ms  DeleteObjects: 1.224400 ms)

========================================================================
Received Prepare
Registering precompiled user dll's ...
Registered in 0.001093 seconds.
Begin MonoManager ReloadAssembly
Native extension for WindowsStandalone target not found
Refreshing native plugins compatible for Editor in 0.34 ms, found 0 plugins.
Preloading 0 native plugins for Editor in 0.00 ms.
Mono: successfully reloaded assembly
- Completed reload, in  0.665 seconds
Platform modules already initialized, skipping
Shader 'Universal Render Pipeline/Particles/Lit': fallback shader 'Universal Render Pipeline/Particles/SimpleLit' not found
Shader 'Universal Render Pipeline/Particles/Lit': fallback shader 'Universal Render Pipeline/Particles/SimpleLit' not found
Refreshing native plugins compatible for Editor in 0.34 ms, found 0 plugins.
Preloading 0 native plugins for Editor in 0.00 ms.
Unloading 2345 Unused Serialized files (Serialized files now loaded: 0)
System memory in use before: 112.8 MB.
System memory in use after: 110.1 MB.

Unloading 40 unused Assets to reduce memory usage. Loaded Objects now: 2891.
Total: 2.898100 ms (FindLiveObjects: 0.176300 ms CreateObjectMapping: 0.073800 ms MarkObjects: 1.422800 ms  DeleteObjects: 1.224100 ms)

========================================================================
Received Prepare
Registering precompiled user dll's ...
Registered in 0.001102 seconds.
Begin MonoManager ReloadAssembly
Native extension for WindowsStandalone target not found
Refreshing native plugins compatible for Editor in 0.34 ms, found 0 plugins.
Preloading 0 native plugins for Editor in 0.00 ms.
Mono: successfully reloaded assembly
- Completed reload, in  0.659 seconds
Platform modules already initialized, skipping
Shader 'Universal Render Pipeline/Particles/Lit': fallback shader 'Universal Render Pipeline/Particles/SimpleLit' not found
Shader 'Universal Render Pipeline/Particles/Lit': fallback shader 'Universal Render Pipeline/Particles/SimpleLit' not found
Refreshing native plugins compatible for Editor in 0.34 ms, found 0 plugins.
Preloading 0 native plugins for Editor in 0.00 ms.
Unloading 2345 Unused Serialized files (Serialized files now loaded: 0)
System memory in use before: 112.8 MB.
System memory in use after: 110.1 MB.

Unloading 40 unused Assets to reduce memory usage. Loaded Objects now: 2894.
Total: 2.925200 ms (FindLiveObjects: 0.194400 ms CreateObjectMapping: 0.084800 ms MarkObjects: 1.435000 ms  DeleteObjects: 1.210500 ms)

AssetImportWorkerClient::OnTransportError - code=2 error=End of file
